2025-11-18 17:08:37,550 - MedicalEMR - INFO - Attempting MongoDB connection (attempt 1/5)...
2025-11-18 17:08:47,737 - concurrent.futures - ERROR - exception calling callback for <Future at 0x224cfbc17b0 state=finished raised ServerSelectionTimeoutError>
Traceback (most recent call last):
  File "C:\Users\Hamza Durrani\AppData\Local\Programs\Python\Python310\lib\concurrent\futures\thread.py", line 52, in run
    result = self.fn(*self.args, **self.kwargs)
  File "C:\Medical Project\myenv\lib\site-packages\pymongo\_csot.py", line 108, in csot_wrapper
    return func(self, *args, **kwargs)
  File "C:\Medical Project\myenv\lib\site-packages\pymongo\database.py", line 892, in command
    with self.__client._conn_for_reads(read_preference, session) as (
  File "C:\Medical Project\myenv\lib\site-packages\pymongo\mongo_client.py", line 1340, in _conn_for_reads
    server = self._select_server(read_preference, session)
  File "C:\Medical Project\myenv\lib\site-packages\pymongo\mongo_client.py", line 1297, in _select_server
    server = topology.select_server(server_selector)
  File "C:\Medical Project\myenv\lib\site-packages\pymongo\topology.py", line 312, in select_server
    server = self._select_server(selector, server_selection_timeout, address)
  File "C:\Medical Project\myenv\lib\site-packages\pymongo\topology.py", line 296, in _select_server
    servers = self.select_servers(selector, server_selection_timeout, address)
  File "C:\Medical Project\myenv\lib\site-packages\pymongo\topology.py", line 247, in select_servers
    server_descriptions = self._select_servers_loop(selector, server_timeout, address)
  File "C:\Medical Project\myenv\lib\site-packages\pymongo\topology.py", line 269, in _select_servers_loop
    raise ServerSelectionTimeoutError(
pymongo.errors.ServerSelectionTimeoutError: localhost:27017: [WinError 10061] No connection could be made because the target machine actively refused it, Timeout: 10.0s, Topology Description: <TopologyDescription id: 691c61c5cd2aead1e4cd030c, topology_type: Unknown, servers: [<ServerDescription ('localhost', 27017) server_type: Unknown, rtt: None, error=AutoReconnect('localhost:27017: [WinError 10061] No connection could be made because the target machine actively refused it')>]>

During handling of the above exception, another exception occurred:

Traceback (most recent call last):
  File "C:\Users\Hamza Durrani\AppData\Local\Programs\Python\Python310\lib\concurrent\futures\_base.py", line 329, in _invoke_callbacks
    callback(self)
  File "C:\Users\Hamza Durrani\AppData\Local\Programs\Python\Python310\lib\asyncio\futures.py", line 398, in _call_set_state
    dest_loop.call_soon_threadsafe(_set_state, destination, source)
  File "C:\Users\Hamza Durrani\AppData\Local\Programs\Python\Python310\lib\asyncio\base_events.py", line 790, in call_soon_threadsafe
    self._check_closed()
  File "C:\Users\Hamza Durrani\AppData\Local\Programs\Python\Python310\lib\asyncio\base_events.py", line 510, in _check_closed
    raise RuntimeError('Event loop is closed')
RuntimeError: Event loop is closed
2025-11-18 17:10:14,544 - MedicalEMR - INFO - Attempting MongoDB connection (attempt 1/5)...
2025-11-18 17:10:24,713 - concurrent.futures - ERROR - exception calling callback for <Future at 0x2a7b30e17b0 state=finished raised ServerSelectionTimeoutError>
Traceback (most recent call last):
  File "C:\Users\Hamza Durrani\AppData\Local\Programs\Python\Python310\lib\concurrent\futures\thread.py", line 52, in run
    result = self.fn(*self.args, **self.kwargs)
  File "C:\Medical Project\myenv\lib\site-packages\pymongo\_csot.py", line 108, in csot_wrapper
    return func(self, *args, **kwargs)
  File "C:\Medical Project\myenv\lib\site-packages\pymongo\database.py", line 892, in command
    with self.__client._conn_for_reads(read_preference, session) as (
  File "C:\Medical Project\myenv\lib\site-packages\pymongo\mongo_client.py", line 1340, in _conn_for_reads
    server = self._select_server(read_preference, session)
  File "C:\Medical Project\myenv\lib\site-packages\pymongo\mongo_client.py", line 1297, in _select_server
    server = topology.select_server(server_selector)
  File "C:\Medical Project\myenv\lib\site-packages\pymongo\topology.py", line 312, in select_server
    server = self._select_server(selector, server_selection_timeout, address)
  File "C:\Medical Project\myenv\lib\site-packages\pymongo\topology.py", line 296, in _select_server
    servers = self.select_servers(selector, server_selection_timeout, address)
  File "C:\Medical Project\myenv\lib\site-packages\pymongo\topology.py", line 247, in select_servers
    server_descriptions = self._select_servers_loop(selector, server_timeout, address)
  File "C:\Medical Project\myenv\lib\site-packages\pymongo\topology.py", line 269, in _select_servers_loop
    raise ServerSelectionTimeoutError(
pymongo.errors.ServerSelectionTimeoutError: localhost:27017: [WinError 10061] No connection could be made because the target machine actively refused it, Timeout: 10.0s, Topology Description: <TopologyDescription id: 691c622675f75655e4084041, topology_type: Unknown, servers: [<ServerDescription ('localhost', 27017) server_type: Unknown, rtt: None, error=AutoReconnect('localhost:27017: [WinError 10061] No connection could be made because the target machine actively refused it')>]>

During handling of the above exception, another exception occurred:

Traceback (most recent call last):
  File "C:\Users\Hamza Durrani\AppData\Local\Programs\Python\Python310\lib\concurrent\futures\_base.py", line 329, in _invoke_callbacks
    callback(self)
  File "C:\Users\Hamza Durrani\AppData\Local\Programs\Python\Python310\lib\asyncio\futures.py", line 398, in _call_set_state
    dest_loop.call_soon_threadsafe(_set_state, destination, source)
  File "C:\Users\Hamza Durrani\AppData\Local\Programs\Python\Python310\lib\asyncio\base_events.py", line 790, in call_soon_threadsafe
    self._check_closed()
  File "C:\Users\Hamza Durrani\AppData\Local\Programs\Python\Python310\lib\asyncio\base_events.py", line 510, in _check_closed
    raise RuntimeError('Event loop is closed')
RuntimeError: Event loop is closed
2025-11-18 18:19:23,816 - MedicalEMR - INFO - Attempting MongoDB connection (attempt 1/5)...
2025-11-18 18:19:33,970 - concurrent.futures - ERROR - exception calling callback for <Future at 0x216bd6617b0 state=finished raised ServerSelectionTimeoutError>
Traceback (most recent call last):
  File "C:\Users\Hamza Durrani\AppData\Local\Programs\Python\Python310\lib\concurrent\futures\thread.py", line 52, in run
    result = self.fn(*self.args, **self.kwargs)
  File "C:\Medical Project\myenv\lib\site-packages\pymongo\_csot.py", line 108, in csot_wrapper
    return func(self, *args, **kwargs)
  File "C:\Medical Project\myenv\lib\site-packages\pymongo\database.py", line 892, in command
    with self.__client._conn_for_reads(read_preference, session) as (
  File "C:\Medical Project\myenv\lib\site-packages\pymongo\mongo_client.py", line 1340, in _conn_for_reads
    server = self._select_server(read_preference, session)
  File "C:\Medical Project\myenv\lib\site-packages\pymongo\mongo_client.py", line 1297, in _select_server
    server = topology.select_server(server_selector)
  File "C:\Medical Project\myenv\lib\site-packages\pymongo\topology.py", line 312, in select_server
    server = self._select_server(selector, server_selection_timeout, address)
  File "C:\Medical Project\myenv\lib\site-packages\pymongo\topology.py", line 296, in _select_server
    servers = self.select_servers(selector, server_selection_timeout, address)
  File "C:\Medical Project\myenv\lib\site-packages\pymongo\topology.py", line 247, in select_servers
    server_descriptions = self._select_servers_loop(selector, server_timeout, address)
  File "C:\Medical Project\myenv\lib\site-packages\pymongo\topology.py", line 269, in _select_servers_loop
    raise ServerSelectionTimeoutError(
pymongo.errors.ServerSelectionTimeoutError: localhost:27017: [WinError 10061] No connection could be made because the target machine actively refused it, Timeout: 10.0s, Topology Description: <TopologyDescription id: 691c725b3fa0a3b323e2a37d, topology_type: Unknown, servers: [<ServerDescription ('localhost', 27017) server_type: Unknown, rtt: None, error=AutoReconnect('localhost:27017: [WinError 10061] No connection could be made because the target machine actively refused it')>]>

During handling of the above exception, another exception occurred:

Traceback (most recent call last):
  File "C:\Users\Hamza Durrani\AppData\Local\Programs\Python\Python310\lib\concurrent\futures\_base.py", line 329, in _invoke_callbacks
    callback(self)
  File "C:\Users\Hamza Durrani\AppData\Local\Programs\Python\Python310\lib\asyncio\futures.py", line 398, in _call_set_state
    dest_loop.call_soon_threadsafe(_set_state, destination, source)
  File "C:\Users\Hamza Durrani\AppData\Local\Programs\Python\Python310\lib\asyncio\base_events.py", line 790, in call_soon_threadsafe
    self._check_closed()
  File "C:\Users\Hamza Durrani\AppData\Local\Programs\Python\Python310\lib\asyncio\base_events.py", line 510, in _check_closed
    raise RuntimeError('Event loop is closed')
RuntimeError: Event loop is closed
2025-11-18 19:41:50,063 - MedicalEMR - INFO - Attempting MongoDB connection (attempt 1/5)...
2025-11-18 19:42:00,374 - concurrent.futures - ERROR - exception calling callback for <Future at 0x2920b4017b0 state=finished raised ServerSelectionTimeoutError>
Traceback (most recent call last):
  File "C:\Users\Hamza Durrani\AppData\Local\Programs\Python\Python310\lib\concurrent\futures\thread.py", line 52, in run
    result = self.fn(*self.args, **self.kwargs)
  File "C:\Medical Project\myenv\lib\site-packages\pymongo\_csot.py", line 108, in csot_wrapper
    return func(self, *args, **kwargs)
  File "C:\Medical Project\myenv\lib\site-packages\pymongo\database.py", line 892, in command
    with self.__client._conn_for_reads(read_preference, session) as (
  File "C:\Medical Project\myenv\lib\site-packages\pymongo\mongo_client.py", line 1340, in _conn_for_reads
    server = self._select_server(read_preference, session)
  File "C:\Medical Project\myenv\lib\site-packages\pymongo\mongo_client.py", line 1297, in _select_server
    server = topology.select_server(server_selector)
  File "C:\Medical Project\myenv\lib\site-packages\pymongo\topology.py", line 312, in select_server
    server = self._select_server(selector, server_selection_timeout, address)
  File "C:\Medical Project\myenv\lib\site-packages\pymongo\topology.py", line 296, in _select_server
    servers = self.select_servers(selector, server_selection_timeout, address)
  File "C:\Medical Project\myenv\lib\site-packages\pymongo\topology.py", line 247, in select_servers
    server_descriptions = self._select_servers_loop(selector, server_timeout, address)
  File "C:\Medical Project\myenv\lib\site-packages\pymongo\topology.py", line 269, in _select_servers_loop
    raise ServerSelectionTimeoutError(
pymongo.errors.ServerSelectionTimeoutError: localhost:27017: [WinError 10061] No connection could be made because the target machine actively refused it, Timeout: 10.0s, Topology Description: <TopologyDescription id: 691c85aec4afc01ba3dbb225, topology_type: Unknown, servers: [<ServerDescription ('localhost', 27017) server_type: Unknown, rtt: None, error=AutoReconnect('localhost:27017: [WinError 10061] No connection could be made because the target machine actively refused it')>]>

During handling of the above exception, another exception occurred:

Traceback (most recent call last):
  File "C:\Users\Hamza Durrani\AppData\Local\Programs\Python\Python310\lib\concurrent\futures\_base.py", line 329, in _invoke_callbacks
    callback(self)
  File "C:\Users\Hamza Durrani\AppData\Local\Programs\Python\Python310\lib\asyncio\futures.py", line 398, in _call_set_state
    dest_loop.call_soon_threadsafe(_set_state, destination, source)
  File "C:\Users\Hamza Durrani\AppData\Local\Programs\Python\Python310\lib\asyncio\base_events.py", line 790, in call_soon_threadsafe
    self._check_closed()
  File "C:\Users\Hamza Durrani\AppData\Local\Programs\Python\Python310\lib\asyncio\base_events.py", line 510, in _check_closed
    raise RuntimeError('Event loop is closed')
RuntimeError: Event loop is closed
2025-11-19 16:18:52,428 - MedicalEMR - INFO - Attempting MongoDB connection (attempt 1/5)...
2025-11-19 16:18:52,513 - MedicalEMR - INFO - MongoDB connected successfully
2025-11-19 18:45:39,936 - MedicalEMR - INFO - Attempting MongoDB connection (attempt 1/5)...
2025-11-19 18:45:39,940 - MedicalEMR - INFO - MongoDB connected successfully
2025-11-19 18:45:39,941 - MedicalEMR - WARNING -  React build folder not found (frontend/dist). Running backend only.
2025-11-19 18:45:39,947 - MedicalEMR - WARNING -  Gemini AI not available - check API key and dependencies
2025-11-19 18:45:39,957 - concurrent.futures - ERROR - exception calling callback for <Future at 0x1a5aeac3e20 state=finished returned dict>
Traceback (most recent call last):
  File "C:\Users\Hamza Durrani\AppData\Local\Programs\Python\Python310\lib\concurrent\futures\_base.py", line 329, in _invoke_callbacks
    callback(self)
  File "C:\Users\Hamza Durrani\AppData\Local\Programs\Python\Python310\lib\asyncio\futures.py", line 398, in _call_set_state
    dest_loop.call_soon_threadsafe(_set_state, destination, source)
  File "C:\Users\Hamza Durrani\AppData\Local\Programs\Python\Python310\lib\asyncio\base_events.py", line 790, in call_soon_threadsafe
    self._check_closed()
  File "C:\Users\Hamza Durrani\AppData\Local\Programs\Python\Python310\lib\asyncio\base_events.py", line 510, in _check_closed
    raise RuntimeError('Event loop is closed')
RuntimeError: Event loop is closed
2025-11-19 18:46:11,385 - MedicalEMR - INFO - Attempting MongoDB connection (attempt 1/5)...
2025-11-19 18:46:11,391 - MedicalEMR - INFO - MongoDB connected successfully
2025-11-19 18:46:11,393 - MedicalEMR - WARNING -  React build folder not found (frontend/dist). Running backend only.
2025-11-19 18:46:11,402 - MedicalEMR - WARNING -  Gemini AI not available - check API key and dependencies
2025-11-19 18:54:08,522 - MedicalEMR - INFO - Attempting MongoDB connection (attempt 1/5)...
2025-11-19 18:54:08,526 - MedicalEMR - INFO - MongoDB connected successfully
2025-11-19 18:54:08,528 - MedicalEMR - WARNING -  React build folder not found (frontend/dist). Running backend only.
2025-11-19 18:54:08,538 - MedicalEMR - WARNING -  Gemini AI not available - check API key and dependencies
2025-11-19 18:54:08,596 - MedicalEMR - INFO - Loading Whisper model (base)...
2025-11-19 18:54:09,908 - MedicalEMR - INFO -  Whisper model (base) loaded successfully!
2025-11-19 19:47:41,874 - MedicalEMR - INFO - Shutting down FastAPI app...
2025-11-19 19:47:47,724 - MedicalEMR - INFO - Attempting MongoDB connection (attempt 1/5)...
2025-11-19 19:47:47,728 - MedicalEMR - INFO - MongoDB connected successfully
2025-11-19 19:47:47,729 - MedicalEMR - WARNING -  React build folder not found (frontend/dist). Running backend only.
2025-11-19 19:47:47,736 - MedicalEMR - WARNING -  Gemini AI not available - check API key and dependencies
2025-11-19 19:47:47,770 - MedicalEMR - INFO - Loading Whisper model (base)...
2025-11-19 19:47:48,890 - MedicalEMR - INFO -  Whisper model (base) loaded successfully!
2025-11-19 19:57:14,933 - MedicalEMR - INFO - New user registered: Ramish123 (role: specialist)
2025-11-19 19:57:48,608 - MedicalEMR - WARNING - Failed login attempt for user: undefined
2025-11-19 19:57:48,609 - MedicalEMR - WARNING - HTTPException: 401 - Incorrect username or password
2025-11-19 19:57:48,615 - MedicalEMR - WARNING - HTTPException: 401 - Refresh token missing
2025-12-25 16:14:22,304 - MedAI.Database - INFO - Connecting to MongoDB (attempt 1/5)...
2025-12-25 16:14:32,724 - MedAI.Database - WARNING - MongoDB connection attempt 1 failed: mongo:27017: [Errno 11001] getaddrinfo failed (configured timeouts: socketTimeoutMS: 15000.0ms, connectTimeoutMS: 15000.0ms), Timeout: 10.0s, Topology Description: <TopologyDescription id: 694d1c8ec84607d255a6c4b8, topology_type: Unknown, servers: [<ServerDescription ('mongo', 27017) server_type: Unknown, rtt: None, error=AutoReconnect('mongo:27017: [Errno 11001] getaddrinfo failed (configured timeouts: socketTimeoutMS: 15000.0ms, connectTimeoutMS: 15000.0ms)')>]>
2025-12-25 16:14:32,725 - MedAI.Database - INFO - Retrying in 3.0 seconds...
2025-12-25 16:14:35,745 - MedAI.Database - INFO - Connecting to MongoDB (attempt 2/5)...
2025-12-25 16:14:46,159 - MedAI.Database - WARNING - MongoDB connection attempt 2 failed: mongo:27017: [Errno 11001] getaddrinfo failed (configured timeouts: socketTimeoutMS: 15000.0ms, connectTimeoutMS: 15000.0ms), Timeout: 10.0s, Topology Description: <TopologyDescription id: 694d1c9bc84607d255a6c4b9, topology_type: Unknown, servers: [<ServerDescription ('mongo', 27017) server_type: Unknown, rtt: None, error=AutoReconnect('mongo:27017: [Errno 11001] getaddrinfo failed (configured timeouts: socketTimeoutMS: 15000.0ms, connectTimeoutMS: 15000.0ms)')>]>
2025-12-25 16:14:46,161 - MedAI.Database - INFO - Retrying in 4.5 seconds...
2025-12-25 16:14:50,678 - MedAI.Database - INFO - Connecting to MongoDB (attempt 3/5)...
2025-12-25 16:15:01,093 - MedAI.Database - WARNING - MongoDB connection attempt 3 failed: mongo:27017: [Errno 11001] getaddrinfo failed (configured timeouts: socketTimeoutMS: 15000.0ms, connectTimeoutMS: 15000.0ms), Timeout: 10.0s, Topology Description: <TopologyDescription id: 694d1caac84607d255a6c4ba, topology_type: Unknown, servers: [<ServerDescription ('mongo', 27017) server_type: Unknown, rtt: None, error=AutoReconnect('mongo:27017: [Errno 11001] getaddrinfo failed (configured timeouts: socketTimeoutMS: 15000.0ms, connectTimeoutMS: 15000.0ms)')>]>
2025-12-25 16:15:01,095 - MedAI.Database - INFO - Retrying in 6.75 seconds...
2025-12-25 16:15:07,858 - MedAI.Database - INFO - Connecting to MongoDB (attempt 4/5)...
2025-12-25 16:15:18,283 - MedAI.Database - WARNING - MongoDB connection attempt 4 failed: mongo:27017: [Errno 11001] getaddrinfo failed (configured timeouts: socketTimeoutMS: 15000.0ms, connectTimeoutMS: 15000.0ms), Timeout: 10.0s, Topology Description: <TopologyDescription id: 694d1cbbc84607d255a6c4bb, topology_type: Unknown, servers: [<ServerDescription ('mongo', 27017) server_type: Unknown, rtt: None, error=AutoReconnect('mongo:27017: [Errno 11001] getaddrinfo failed (configured timeouts: socketTimeoutMS: 15000.0ms, connectTimeoutMS: 15000.0ms)')>]>
2025-12-25 16:15:18,284 - MedAI.Database - INFO - Retrying in 10.125 seconds...
2025-12-25 16:15:28,428 - MedAI.Database - INFO - Connecting to MongoDB (attempt 5/5)...
2025-12-25 16:15:38,844 - MedAI.Database - WARNING - MongoDB connection attempt 5 failed: mongo:27017: [Errno 11001] getaddrinfo failed (configured timeouts: socketTimeoutMS: 15000.0ms, connectTimeoutMS: 15000.0ms), Timeout: 10.0s, Topology Description: <TopologyDescription id: 694d1cd0c84607d255a6c4bc, topology_type: Unknown, servers: [<ServerDescription ('mongo', 27017) server_type: Unknown, rtt: None, error=AutoReconnect('mongo:27017: [Errno 11001] getaddrinfo failed (configured timeouts: socketTimeoutMS: 15000.0ms, connectTimeoutMS: 15000.0ms)')>]>
2025-12-25 16:15:54,591 - MedAI.Transcription - INFO - Loading Whisper model (base)...
2025-12-25 16:16:07,041 - MedAI.Database - INFO - Connecting to MongoDB (attempt 1/5)...
2025-12-25 16:16:17,478 - MedAI.Database - WARNING - MongoDB connection attempt 1 failed: mongo:27017: [Errno 11001] getaddrinfo failed (configured timeouts: socketTimeoutMS: 15000.0ms, connectTimeoutMS: 15000.0ms), Timeout: 10.0s, Topology Description: <TopologyDescription id: 694d1cf7a0db6128a771f0b9, topology_type: Unknown, servers: [<ServerDescription ('mongo', 27017) server_type: Unknown, rtt: None, error=AutoReconnect('mongo:27017: [Errno 11001] getaddrinfo failed (configured timeouts: socketTimeoutMS: 15000.0ms, connectTimeoutMS: 15000.0ms)')>]>
2025-12-25 16:16:17,480 - MedAI.Database - INFO - Retrying in 3.0 seconds...
2025-12-25 16:16:20,503 - MedAI.Database - INFO - Connecting to MongoDB (attempt 2/5)...
2025-12-25 16:16:30,957 - MedAI.Database - WARNING - MongoDB connection attempt 2 failed: mongo:27017: [Errno 11001] getaddrinfo failed (configured timeouts: socketTimeoutMS: 15000.0ms, connectTimeoutMS: 15000.0ms), Timeout: 10.0s, Topology Description: <TopologyDescription id: 694d1d04a0db6128a771f0ba, topology_type: Unknown, servers: [<ServerDescription ('mongo', 27017) server_type: Unknown, rtt: None, error=AutoReconnect('mongo:27017: [Errno 11001] getaddrinfo failed (configured timeouts: socketTimeoutMS: 15000.0ms, connectTimeoutMS: 15000.0ms)')>]>
2025-12-25 16:16:30,959 - MedAI.Database - INFO - Retrying in 4.5 seconds...
2025-12-25 16:16:35,477 - MedAI.Database - INFO - Connecting to MongoDB (attempt 3/5)...
2025-12-25 16:16:45,907 - MedAI.Database - WARNING - MongoDB connection attempt 3 failed: mongo:27017: [Errno 11001] getaddrinfo failed (configured timeouts: socketTimeoutMS: 15000.0ms, connectTimeoutMS: 15000.0ms), Timeout: 10.0s, Topology Description: <TopologyDescription id: 694d1d13a0db6128a771f0bb, topology_type: Unknown, servers: [<ServerDescription ('mongo', 27017) server_type: Unknown, rtt: None, error=AutoReconnect('mongo:27017: [Errno 11001] getaddrinfo failed (configured timeouts: socketTimeoutMS: 15000.0ms, connectTimeoutMS: 15000.0ms)')>]>
2025-12-25 16:16:45,909 - MedAI.Database - INFO - Retrying in 6.75 seconds...
2025-12-25 16:16:52,680 - MedAI.Database - INFO - Connecting to MongoDB (attempt 4/5)...
2025-12-25 16:17:03,078 - MedAI.Database - WARNING - MongoDB connection attempt 4 failed: mongo:27017: [Errno 11001] getaddrinfo failed (configured timeouts: socketTimeoutMS: 15000.0ms, connectTimeoutMS: 15000.0ms), Timeout: 10.0s, Topology Description: <TopologyDescription id: 694d1d24a0db6128a771f0bc, topology_type: Unknown, servers: [<ServerDescription ('mongo', 27017) server_type: Unknown, rtt: None, error=AutoReconnect('mongo:27017: [Errno 11001] getaddrinfo failed (configured timeouts: socketTimeoutMS: 15000.0ms, connectTimeoutMS: 15000.0ms)')>]>
2025-12-25 16:17:03,081 - MedAI.Database - INFO - Retrying in 10.125 seconds...
2025-12-25 16:17:13,229 - MedAI.Database - INFO - Connecting to MongoDB (attempt 5/5)...
2025-12-25 16:17:23,663 - MedAI.Database - WARNING - MongoDB connection attempt 5 failed: mongo:27017: [Errno 11001] getaddrinfo failed (configured timeouts: socketTimeoutMS: 15000.0ms, connectTimeoutMS: 15000.0ms), Timeout: 10.0s, Topology Description: <TopologyDescription id: 694d1d39a0db6128a771f0bd, topology_type: Unknown, servers: [<ServerDescription ('mongo', 27017) server_type: Unknown, rtt: None, error=AutoReconnect('mongo:27017: [Errno 11001] getaddrinfo failed (configured timeouts: socketTimeoutMS: 15000.0ms, connectTimeoutMS: 15000.0ms)')>]>
2025-12-25 16:17:30,485 - MedAI.Transcription - INFO - Loading Whisper model (base)...
2025-12-25 16:21:15,447 - MedAI.Database - INFO - MongoDB connection closed
2025-12-25 16:21:29,261 - MedAI - INFO - Starting MedAI Medical System...
2025-12-25 16:21:29,262 - MedAI.Database - INFO - Connecting to MongoDB (attempt 1/5)...
2025-12-25 16:21:39,700 - MedAI.Database - WARNING - MongoDB connection attempt 1 failed: mongo:27017: [Errno 11001] getaddrinfo failed (configured timeouts: socketTimeoutMS: 15000.0ms, connectTimeoutMS: 15000.0ms), Timeout: 10.0s, Topology Description: <TopologyDescription id: 694d1e39a8854ec1303cc160, topology_type: Unknown, servers: [<ServerDescription ('mongo', 27017) server_type: Unknown, rtt: None, error=AutoReconnect('mongo:27017: [Errno 11001] getaddrinfo failed (configured timeouts: socketTimeoutMS: 15000.0ms, connectTimeoutMS: 15000.0ms)')>]>
2025-12-25 16:21:39,701 - MedAI.Database - INFO - Retrying in 3.0 seconds...
2025-12-25 16:21:42,709 - MedAI.Database - INFO - Connecting to MongoDB (attempt 2/5)...
2025-12-25 16:21:53,141 - MedAI.Database - WARNING - MongoDB connection attempt 2 failed: mongo:27017: [Errno 11001] getaddrinfo failed (configured timeouts: socketTimeoutMS: 15000.0ms, connectTimeoutMS: 15000.0ms), Timeout: 10.0s, Topology Description: <TopologyDescription id: 694d1e46a8854ec1303cc161, topology_type: Unknown, servers: [<ServerDescription ('mongo', 27017) server_type: Unknown, rtt: None, error=AutoReconnect('mongo:27017: [Errno 11001] getaddrinfo failed (configured timeouts: socketTimeoutMS: 15000.0ms, connectTimeoutMS: 15000.0ms)')>]>
2025-12-25 16:21:53,142 - MedAI.Database - INFO - Retrying in 4.5 seconds...
2025-12-25 16:21:57,666 - MedAI.Database - INFO - Connecting to MongoDB (attempt 3/5)...
2025-12-25 16:22:08,094 - MedAI.Database - WARNING - MongoDB connection attempt 3 failed: mongo:27017: [Errno 11001] getaddrinfo failed (configured timeouts: socketTimeoutMS: 15000.0ms, connectTimeoutMS: 15000.0ms), Timeout: 10.0s, Topology Description: <TopologyDescription id: 694d1e55a8854ec1303cc162, topology_type: Unknown, servers: [<ServerDescription ('mongo', 27017) server_type: Unknown, rtt: None, error=AutoReconnect('mongo:27017: [Errno 11001] getaddrinfo failed (configured timeouts: socketTimeoutMS: 15000.0ms, connectTimeoutMS: 15000.0ms)')>]>
2025-12-25 16:22:08,097 - MedAI.Database - INFO - Retrying in 6.75 seconds...
2025-12-25 16:22:14,854 - MedAI.Database - INFO - Connecting to MongoDB (attempt 4/5)...
2025-12-25 16:22:25,267 - MedAI.Database - WARNING - MongoDB connection attempt 4 failed: mongo:27017: [Errno 11001] getaddrinfo failed (configured timeouts: socketTimeoutMS: 15000.0ms, connectTimeoutMS: 15000.0ms), Timeout: 10.0s, Topology Description: <TopologyDescription id: 694d1e66a8854ec1303cc163, topology_type: Unknown, servers: [<ServerDescription ('mongo', 27017) server_type: Unknown, rtt: None, error=AutoReconnect('mongo:27017: [Errno 11001] getaddrinfo failed (configured timeouts: socketTimeoutMS: 15000.0ms, connectTimeoutMS: 15000.0ms)')>]>
2025-12-25 16:22:25,270 - MedAI.Database - INFO - Retrying in 10.125 seconds...
2025-12-25 16:22:35,420 - MedAI.Database - INFO - Connecting to MongoDB (attempt 5/5)...
2025-12-25 16:22:45,884 - MedAI.Database - WARNING - MongoDB connection attempt 5 failed: mongo:27017: [Errno 11001] getaddrinfo failed (configured timeouts: socketTimeoutMS: 15000.0ms, connectTimeoutMS: 15000.0ms), Timeout: 10.0s, Topology Description: <TopologyDescription id: 694d1e7ba8854ec1303cc164, topology_type: Unknown, servers: [<ServerDescription ('mongo', 27017) server_type: Unknown, rtt: None, error=AutoReconnect('mongo:27017: [Errno 11001] getaddrinfo failed (configured timeouts: socketTimeoutMS: 15000.0ms, connectTimeoutMS: 15000.0ms)')>]>
2025-12-25 16:22:45,885 - MedAI.Database - ERROR - All MongoDB connection attempts failed. Please ensure MongoDB service is running.
2025-12-25 16:22:52,731 - MedAI.Transcription - INFO - Loading Whisper model (base)...
2025-12-25 16:22:55,229 - MedAI.Transcription - INFO - Whisper model loaded successfully
2025-12-25 16:22:55,232 - MedAI - INFO - MedAI startup complete
2025-12-25 16:23:02,842 - MedAI - INFO - Starting MedAI Medical System...
2025-12-25 16:23:02,849 - MedAI.Database - INFO - Connecting to MongoDB (attempt 1/5)...
2025-12-25 16:23:13,309 - MedAI.Database - WARNING - MongoDB connection attempt 1 failed: mongo:27017: [Errno 11001] getaddrinfo failed (configured timeouts: socketTimeoutMS: 15000.0ms, connectTimeoutMS: 15000.0ms), Timeout: 10.0s, Topology Description: <TopologyDescription id: 694d1e96788673e664c1bd31, topology_type: Unknown, servers: [<ServerDescription ('mongo', 27017) server_type: Unknown, rtt: None, error=AutoReconnect('mongo:27017: [Errno 11001] getaddrinfo failed (configured timeouts: socketTimeoutMS: 15000.0ms, connectTimeoutMS: 15000.0ms)')>]>
2025-12-25 16:23:13,311 - MedAI.Database - INFO - Retrying in 3.0 seconds...
2025-12-25 16:23:16,329 - MedAI.Database - INFO - Connecting to MongoDB (attempt 2/5)...
2025-12-25 16:23:26,767 - MedAI.Database - WARNING - MongoDB connection attempt 2 failed: mongo:27017: [Errno 11001] getaddrinfo failed (configured timeouts: socketTimeoutMS: 15000.0ms, connectTimeoutMS: 15000.0ms), Timeout: 10.0s, Topology Description: <TopologyDescription id: 694d1ea4788673e664c1bd32, topology_type: Unknown, servers: [<ServerDescription ('mongo', 27017) server_type: Unknown, rtt: None, error=AutoReconnect('mongo:27017: [Errno 11001] getaddrinfo failed (configured timeouts: socketTimeoutMS: 15000.0ms, connectTimeoutMS: 15000.0ms)')>]>
2025-12-25 16:23:26,769 - MedAI.Database - INFO - Retrying in 4.5 seconds...
2025-12-25 16:23:31,281 - MedAI.Database - INFO - Connecting to MongoDB (attempt 3/5)...
2025-12-25 16:23:41,718 - MedAI.Database - WARNING - MongoDB connection attempt 3 failed: mongo:27017: [Errno 11001] getaddrinfo failed (configured timeouts: socketTimeoutMS: 15000.0ms, connectTimeoutMS: 15000.0ms), Timeout: 10.0s, Topology Description: <TopologyDescription id: 694d1eb3788673e664c1bd33, topology_type: Unknown, servers: [<ServerDescription ('mongo', 27017) server_type: Unknown, rtt: None, error=AutoReconnect('mongo:27017: [Errno 11001] getaddrinfo failed (configured timeouts: socketTimeoutMS: 15000.0ms, connectTimeoutMS: 15000.0ms)')>]>
2025-12-25 16:23:41,720 - MedAI.Database - INFO - Retrying in 6.75 seconds...
2025-12-25 16:23:48,475 - MedAI.Database - INFO - Connecting to MongoDB (attempt 4/5)...
2025-12-25 16:23:58,909 - MedAI.Database - WARNING - MongoDB connection attempt 4 failed: mongo:27017: [Errno 11001] getaddrinfo failed (configured timeouts: socketTimeoutMS: 15000.0ms, connectTimeoutMS: 15000.0ms), Timeout: 10.0s, Topology Description: <TopologyDescription id: 694d1ec4788673e664c1bd34, topology_type: Unknown, servers: [<ServerDescription ('mongo', 27017) server_type: Unknown, rtt: None, error=AutoReconnect('mongo:27017: [Errno 11001] getaddrinfo failed (configured timeouts: socketTimeoutMS: 15000.0ms, connectTimeoutMS: 15000.0ms)')>]>
2025-12-25 16:23:58,911 - MedAI.Database - INFO - Retrying in 10.125 seconds...
2025-12-25 16:24:09,043 - MedAI.Database - INFO - Connecting to MongoDB (attempt 5/5)...
2025-12-25 16:24:19,487 - MedAI.Database - WARNING - MongoDB connection attempt 5 failed: mongo:27017: [Errno 11001] getaddrinfo failed (configured timeouts: socketTimeoutMS: 15000.0ms, connectTimeoutMS: 15000.0ms), Timeout: 10.0s, Topology Description: <TopologyDescription id: 694d1ed9788673e664c1bd35, topology_type: Unknown, servers: [<ServerDescription ('mongo', 27017) server_type: Unknown, rtt: None, error=AutoReconnect('mongo:27017: [Errno 11001] getaddrinfo failed (configured timeouts: socketTimeoutMS: 15000.0ms, connectTimeoutMS: 15000.0ms)')>]>
2025-12-25 16:24:19,489 - MedAI.Database - ERROR - All MongoDB connection attempts failed. Please ensure MongoDB service is running.
2025-12-25 16:24:28,633 - MedAI.Transcription - INFO - Loading Whisper model (base)...
2025-12-25 16:24:30,365 - MedAI.Transcription - INFO - Whisper model loaded successfully
2025-12-25 16:24:30,368 - MedAI - INFO - MedAI startup complete
2025-12-25 16:28:52,431 - MedAI - INFO - Shutting down MedAI...
2025-12-25 16:28:52,433 - MedAI.Database - INFO - MongoDB connection closed
2025-12-25 16:28:52,433 - MedAI - INFO - Shutdown complete
2025-12-25 16:32:34,171 - MedAI - INFO - Starting MedAI Medical System...
2025-12-25 16:32:34,171 - MedAI.Database - INFO - Connecting to MongoDB (attempt 1/5)...
2025-12-25 16:32:34,269 - MedAI.Database - INFO - MongoDB connected successfully
2025-12-25 16:33:35,047 - MedAI - INFO - Starting MedAI Medical System...
2025-12-25 16:33:35,048 - MedAI.Database - INFO - Connecting to MongoDB (attempt 1/5)...
2025-12-25 16:33:35,097 - MedAI.Database - INFO - MongoDB connected successfully
2025-12-25 16:33:35,582 - MedAI.Database - INFO - Database indexes created
2025-12-25 16:40:37,093 - MedAI - INFO - Starting MedAI Medical System...
2025-12-25 16:40:37,094 - MedAI.Database - INFO - Connecting to MongoDB (attempt 1/5)...
2025-12-25 16:40:37,116 - MedAI.Database - INFO - MongoDB connected successfully
2025-12-25 16:40:37,131 - MedAI.Database - INFO - Database indexes created
2025-12-25 16:42:48,444 - MedAI - INFO - Starting MedAI Medical System...
2025-12-25 16:42:48,444 - MedAI.Database - INFO - Connecting to MongoDB (attempt 1/5)...
2025-12-25 16:42:48,466 - MedAI - INFO - Starting MedAI Medical System...
2025-12-25 16:42:48,466 - MedAI.Database - INFO - Connecting to MongoDB (attempt 1/5)...
2025-12-25 16:42:48,467 - MedAI.Database - INFO - MongoDB connected successfully
2025-12-25 16:42:48,480 - MedAI.Database - INFO - Database indexes created
2025-12-25 16:42:48,488 - MedAI.Database - INFO - MongoDB connected successfully
2025-12-25 16:42:48,502 - MedAI.Database - INFO - Database indexes created
2025-12-25 16:42:49,105 - MedAI - INFO - Default user created: doctor/doctor123
2025-12-25 16:42:55,403 - MedAI.Transcription - INFO - Loading Whisper model (base)...
2025-12-25 16:42:58,017 - MedAI.Transcription - INFO - Whisper model loaded successfully
2025-12-25 16:42:58,019 - MedAI - INFO - MedAI startup complete
2025-12-25 16:45:17,007 - MedAI - INFO - Shutting down MedAI...
2025-12-25 16:45:17,011 - MedAI.Database - INFO - MongoDB connection closed
2025-12-25 16:45:17,012 - MedAI - INFO - Shutdown complete
2025-12-25 16:45:27,843 - MedAI - INFO - Starting MedAI Medical System...
2025-12-25 16:45:27,843 - MedAI.Database - INFO - Connecting to MongoDB (attempt 1/5)...
2025-12-25 16:45:27,857 - MedAI - INFO - Starting MedAI Medical System...
2025-12-25 16:45:27,863 - MedAI.Database - INFO - Connecting to MongoDB (attempt 1/5)...
2025-12-25 16:45:27,875 - MedAI.Database - INFO - MongoDB connected successfully
2025-12-25 16:45:27,891 - MedAI.Database - INFO - MongoDB connected successfully
2025-12-25 16:45:27,895 - MedAI.Database - INFO - Database indexes created
2025-12-25 16:45:27,908 - MedAI.Database - INFO - Database indexes created
2025-12-25 16:45:36,528 - MedAI.Transcription - INFO - Loading Whisper model (base)...
2025-12-25 16:45:36,528 - MedAI.Transcription - INFO - Loading Whisper model (base)...
2025-12-25 16:45:39,513 - MedAI.Transcription - INFO - Whisper model loaded successfully
2025-12-25 16:45:39,515 - MedAI - INFO - MedAI startup complete
2025-12-25 16:45:39,541 - MedAI.Transcription - INFO - Whisper model loaded successfully
2025-12-25 16:45:39,542 - MedAI - INFO - MedAI startup complete
2025-12-25 16:56:16,240 - MedAI.ImageAnalysis - ERROR - Image analysis error: 404 models/gemini-pro-vision is not found for API version v1beta, or is not supported for generateContent. Call ListModels to see the list of available models and their supported methods.
2025-12-25 16:56:16,326 - MedAI - INFO - Shutting down MedAI...
2025-12-25 16:56:16,337 - MedAI.Database - INFO - MongoDB connection closed
2025-12-25 16:56:16,340 - MedAI - INFO - Shutdown complete
2025-12-25 16:56:16,374 - MedAI - INFO - Shutting down MedAI...
2025-12-25 16:56:16,379 - MedAI.Database - INFO - MongoDB connection closed
2025-12-25 16:56:16,380 - MedAI - INFO - Shutdown complete
2025-12-25 16:56:24,970 - MedAI - INFO - Starting MedAI Medical System...
2025-12-25 16:56:24,970 - MedAI.Database - INFO - Connecting to MongoDB (attempt 1/5)...
2025-12-25 16:56:25,017 - MedAI.Database - INFO - MongoDB connected successfully
2025-12-25 16:56:25,031 - MedAI.Database - INFO - Database indexes created
2025-12-25 16:56:25,921 - MedAI - INFO - Starting MedAI Medical System...
2025-12-25 16:56:25,928 - MedAI.Database - INFO - Connecting to MongoDB (attempt 1/5)...
2025-12-25 16:56:25,953 - MedAI.Database - INFO - MongoDB connected successfully
2025-12-25 16:56:25,969 - MedAI.Database - INFO - Database indexes created
2025-12-25 16:56:31,768 - MedAI.Transcription - INFO - Loading Whisper model (base)...
2025-12-25 16:56:33,015 - MedAI.Transcription - INFO - Loading Whisper model (base)...
2025-12-25 16:56:35,264 - MedAI.Transcription - INFO - Whisper model loaded successfully
2025-12-25 16:56:35,267 - MedAI - INFO - MedAI startup complete
2025-12-25 16:56:36,459 - MedAI.Transcription - INFO - Whisper model loaded successfully
2025-12-25 16:56:36,463 - MedAI - INFO - MedAI startup complete
2025-12-25 16:56:59,524 - MedAI - INFO - Shutting down MedAI...
2025-12-25 16:56:59,530 - MedAI.Database - INFO - MongoDB connection closed
2025-12-25 16:56:59,535 - MedAI - INFO - Shutdown complete
2025-12-25 16:56:59,540 - MedAI - INFO - Shutting down MedAI...
2025-12-25 16:56:59,545 - MedAI.Database - INFO - MongoDB connection closed
2025-12-25 16:56:59,560 - MedAI - INFO - Shutdown complete
2025-12-25 16:57:07,676 - MedAI - INFO - Starting MedAI Medical System...
2025-12-25 16:57:07,677 - MedAI.Database - INFO - Connecting to MongoDB (attempt 1/5)...
2025-12-25 16:57:07,679 - MedAI - INFO - Starting MedAI Medical System...
2025-12-25 16:57:07,686 - MedAI.Database - INFO - Connecting to MongoDB (attempt 1/5)...
2025-12-25 16:57:07,713 - MedAI.Database - INFO - MongoDB connected successfully
2025-12-25 16:57:07,736 - MedAI.Database - INFO - Database indexes created
2025-12-25 16:57:07,740 - MedAI.Database - INFO - MongoDB connected successfully
2025-12-25 16:57:07,765 - MedAI.Database - INFO - Database indexes created
2025-12-25 16:57:13,294 - MedAI.Transcription - INFO - Loading Whisper model (base)...
2025-12-25 16:57:14,011 - MedAI.Transcription - INFO - Loading Whisper model (base)...
2025-12-25 16:57:15,408 - MedAI.Transcription - INFO - Whisper model loaded successfully
2025-12-25 16:57:15,409 - MedAI - INFO - MedAI startup complete
2025-12-25 16:57:15,723 - MedAI.Transcription - INFO - Whisper model loaded successfully
2025-12-25 16:57:15,725 - MedAI - INFO - MedAI startup complete
2025-12-25 17:17:00,823 - MedAI - INFO - Shutting down MedAI...
2025-12-25 17:17:00,825 - MedAI.Database - INFO - MongoDB connection closed
2025-12-25 17:17:00,825 - MedAI - INFO - Shutdown complete
2025-12-25 17:23:06,245 - MedAI - INFO - Shutting down MedAI...
2025-12-25 17:23:06,250 - MedAI.Database - INFO - MongoDB connection closed
2025-12-25 17:23:06,251 - MedAI - INFO - Shutdown complete
2025-12-25 17:23:57,796 - MedAI - INFO - Starting MedAI Medical System...
2025-12-25 17:23:57,796 - MedAI.Database - INFO - Connecting to MongoDB (attempt 1/5)...
2025-12-25 17:23:57,899 - MedAI.Database - INFO - MongoDB connected successfully
2025-12-25 17:23:57,907 - MedAI.Database - INFO - Database indexes created
2025-12-25 17:24:02,601 - MedAI.Transcription - INFO - Loading Whisper model (base)...
2025-12-25 17:24:03,657 - MedAI.Transcription - INFO - Whisper model loaded successfully
2025-12-25 17:24:03,658 - MedAI - INFO - MedAI startup complete
2025-12-25 17:28:01,509 - MedAI - INFO - Shutting down MedAI...
2025-12-25 17:28:01,510 - MedAI.Database - INFO - MongoDB connection closed
2025-12-25 17:28:01,511 - MedAI - INFO - Shutdown complete
2025-12-25 17:28:04,422 - MedAI - INFO - Starting MedAI Medical System...
2025-12-25 17:28:04,422 - MedAI.Database - INFO - Connecting to MongoDB (attempt 1/5)...
2025-12-25 17:28:04,437 - MedAI.Database - INFO - MongoDB connected successfully
2025-12-25 17:28:04,447 - MedAI.Database - INFO - Database indexes created
2025-12-25 17:28:05,659 - MedAI - INFO - Starting MedAI Medical System...
2025-12-25 17:28:05,659 - MedAI.Database - INFO - Connecting to MongoDB (attempt 1/5)...
2025-12-25 17:28:05,691 - MedAI.Database - INFO - MongoDB connected successfully
2025-12-25 17:28:05,701 - MedAI.Database - INFO - Database indexes created
2025-12-25 17:28:07,312 - MedAI.Transcription - INFO - Loading Whisper model (base)...
2025-12-25 17:28:08,451 - MedAI.Transcription - INFO - Whisper model loaded successfully
2025-12-25 17:28:08,452 - MedAI - INFO - MedAI startup complete
2025-12-25 17:28:08,575 - MedAI.Transcription - INFO - Loading Whisper model (base)...
2025-12-25 17:28:09,676 - MedAI.Transcription - INFO - Whisper model loaded successfully
2025-12-25 17:28:09,677 - MedAI - INFO - MedAI startup complete
2025-12-25 17:30:57,418 - MedAI - INFO - Starting MedAI Medical System...
2025-12-25 17:30:57,419 - MedAI.Database - INFO - Connecting to MongoDB (attempt 1/5)...
2025-12-25 17:30:57,456 - MedAI.Database - INFO - MongoDB connected successfully
2025-12-25 17:30:57,482 - MedAI.Database - INFO - Database indexes created
2025-12-25 17:31:00,281 - MedAI.Transcription - INFO - Loading Whisper model (base)...
2025-12-25 17:31:01,397 - MedAI.Transcription - INFO - Whisper model loaded successfully
2025-12-25 17:31:01,397 - MedAI - INFO - MedAI startup complete
2025-12-25 17:32:43,094 - MedAI - INFO - Shutting down MedAI...
2025-12-25 17:32:43,095 - MedAI.Database - INFO - MongoDB connection closed
2025-12-25 17:32:43,096 - MedAI - INFO - Shutdown complete
2025-12-25 17:32:52,808 - MedAI - INFO - Shutting down MedAI...
2025-12-25 17:32:52,813 - MedAI.Database - INFO - MongoDB connection closed
2025-12-25 17:32:52,814 - MedAI - INFO - Shutdown complete
2025-12-25 17:37:27,442 - MedAI - INFO - Starting MedAI Medical System...
2025-12-25 17:37:27,442 - MedAI.Database - INFO - Connecting to MongoDB (attempt 1/5)...
2025-12-25 17:37:27,740 - MedAI.Database - INFO - MongoDB connected successfully
2025-12-25 17:37:27,763 - MedAI.Database - INFO - Database indexes created
2025-12-25 17:37:33,931 - MedAI.Transcription - INFO - Loading Whisper model (base)...
2025-12-25 17:37:35,238 - MedAI.Transcription - INFO - Whisper model loaded successfully
2025-12-25 17:37:35,239 - MedAI - INFO - MedAI startup complete
2025-12-25 17:43:13,202 - MedAI.WebSocket - INFO - WebSocket connected: 5e7aae67-bd6a-4a22-a88c-e33149a7e62b
2025-12-25 17:43:13,203 - MedAI.WebSocket - INFO - WebSocket disconnected: 5e7aae67-bd6a-4a22-a88c-e33149a7e62b (duration: 0:00:00.001968)
2025-12-25 17:43:13,224 - MedAI.WebSocket - INFO - WebSocket connected: 5e7aae67-bd6a-4a22-a88c-e33149a7e62b
2025-12-25 17:46:22,713 - MedAI.WebSocket - INFO - WebSocket disconnected: 5e7aae67-bd6a-4a22-a88c-e33149a7e62b (duration: 0:03:09.488728)
2025-12-25 17:47:23,343 - MedAI.ImageAnalysis - ERROR - Image analysis error: 404 models/gemini-pro-vision is not found for API version v1beta, or is not supported for generateContent. Call ListModels to see the list of available models and their supported methods.
2025-12-25 17:56:39,961 - MedAI - INFO - Shutting down MedAI...
2025-12-25 17:56:39,963 - MedAI.Database - INFO - MongoDB connection closed
2025-12-25 17:56:39,963 - MedAI - INFO - Shutdown complete
2025-12-25 17:56:48,803 - MedAI - INFO - Starting MedAI Medical System...
2025-12-25 17:56:48,803 - MedAI.Database - INFO - Connecting to MongoDB (attempt 1/5)...
2025-12-25 17:56:49,081 - MedAI.Database - INFO - MongoDB connected successfully
2025-12-25 17:56:49,088 - MedAI.Database - INFO - Database indexes created
2025-12-25 17:56:53,606 - MedAI.Transcription - INFO - Loading Whisper model (base)...
2025-12-25 17:56:54,672 - MedAI.Transcription - INFO - Whisper model loaded successfully
2025-12-25 17:56:54,672 - MedAI - INFO - MedAI startup complete
2025-12-25 18:01:29,544 - MedAI.AIService - WARNING - Gemini model gemini-1.5-flash failed: 404 models/gemini-1.5-flash is not found for API version v1beta, or is not supported for generateContent. Call ListModels to see the list of available models and their supported methods.. Trying next available model...
2025-12-25 18:01:32,616 - MedAI.AIService - WARNING - Gemini model gemini-1.5-pro failed: 404 models/gemini-1.5-pro is not found for API version v1beta, or is not supported for generateContent. Call ListModels to see the list of available models and their supported methods.. Trying next available model...
2025-12-25 18:01:34,769 - MedAI.AIService - WARNING - Gemini model gemini-pro-vision failed: 404 models/gemini-pro-vision is not found for API version v1beta, or is not supported for generateContent. Call ListModels to see the list of available models and their supported methods.. Trying next available model...
2025-12-25 18:01:34,771 - MedAI.AIService - ERROR - All Gemini models (['gemini-1.5-flash', 'gemini-1.5-pro', 'gemini-pro-vision']) failed.
2025-12-25 18:01:34,774 - MedAI.ImageAnalysis - ERROR - Image analysis error: 404 models/gemini-pro-vision is not found for API version v1beta, or is not supported for generateContent. Call ListModels to see the list of available models and their supported methods.
2025-12-25 18:03:00,124 - MedAI.WebSocket - INFO - WebSocket connected: ea1167ae-561a-4b25-950f-9068f8023c61
2025-12-25 18:03:00,125 - MedAI.WebSocket - INFO - WebSocket disconnected: ea1167ae-561a-4b25-950f-9068f8023c61 (duration: 0:00:00.000956)
2025-12-25 18:03:00,146 - MedAI.WebSocket - INFO - WebSocket connected: ea1167ae-561a-4b25-950f-9068f8023c61
2025-12-25 18:03:47,026 - MedAI.Transcription - INFO - Transcription completed: 4 characters
2025-12-25 18:13:48,407 - MedAI.Transcription - ERROR - Transcription error: Failed to load audio: ffmpeg version 8.0-essentials_build-www.gyan.dev Copyright (c) 2000-2025 the FFmpeg developers
  built with gcc 15.2.0 (Rev8, Built by MSYS2 project)
  configuration: --enable-gpl --enable-version3 --enable-static --disable-w32threads --disable-autodetect --enable-fontconfig --enable-iconv --enable-gnutls --enable-libxml2 --enable-gmp --enable-bzlib --enable-lzma --enable-zlib --enable-libsrt --enable-libssh --enable-libzmq --enable-avisynth --enable-sdl2 --enable-libwebp --enable-libx264 --enable-libx265 --enable-libxvid --enable-libaom --enable-libopenjpeg --enable-libvpx --enable-mediafoundation --enable-libass --enable-libfreetype --enable-libfribidi --enable-libharfbuzz --enable-libvidstab --enable-libvmaf --enable-libzimg --enable-amf --enable-cuda-llvm --enable-cuvid --enable-dxva2 --enable-d3d11va --enable-d3d12va --enable-ffnvcodec --enable-libvpl --enable-nvdec --enable-nvenc --enable-vaapi --enable-openal --enable-libgme --enable-libopenmpt --enable-libopencore-amrwb --enable-libmp3lame --enable-libtheora --enable-libvo-amrwbenc --enable-libgsm --enable-libopencore-amrnb --enable-libopus --enable-libspeex --enable-libvorbis --enable-librubberband
  libavutil      60.  8.100 / 60.  8.100
  libavcodec     62. 11.100 / 62. 11.100
  libavformat    62.  3.100 / 62.  3.100
  libavdevice    62.  1.100 / 62.  1.100
  libavfilter    11.  4.100 / 11.  4.100
  libswscale      9.  1.100 /  9.  1.100
  libswresample   6.  1.100 /  6.  1.100
[in#0 @ 000001cad22840c0] Error opening input: Invalid data found when processing input
Error opening input file C:\Users\HAMZAD~1\AppData\Local\Temp\tmpmtga45sq.wav.
Error opening input files: Invalid data found when processing input

2025-12-25 18:13:56,199 - MedAI.AIService - WARNING - Gemini model gemini-1.5-flash failed: 404 models/gemini-1.5-flash is not found for API version v1beta, or is not supported for generateContent. Call ListModels to see the list of available models and their supported methods.. Trying next available model...
2025-12-25 18:13:57,145 - MedAI.AIService - WARNING - Gemini model gemini-1.5-pro failed: 404 models/gemini-1.5-pro is not found for API version v1beta, or is not supported for generateContent. Call ListModels to see the list of available models and their supported methods.. Trying next available model...
2025-12-25 18:13:58,153 - MedAI.AIService - WARNING - Gemini model gemini-pro failed: 404 models/gemini-pro is not found for API version v1beta, or is not supported for generateContent. Call ListModels to see the list of available models and their supported methods.. Trying next available model...
2025-12-25 18:13:58,153 - MedAI.AIService - ERROR - All Gemini models (['gemini-1.5-flash', 'gemini-1.5-pro', 'gemini-pro']) failed.
2025-12-25 18:13:58,174 - MedAI.AIService - ERROR - AI summarization error: 404 models/gemini-pro is not found for API version v1beta, or is not supported for generateContent. Call ListModels to see the list of available models and their supported methods.
2025-12-25 18:13:58,215 - MedAI.PDFService - INFO - PDF generated: ./reports\medical_report_694d3896089e7c722276af93.pdf
2025-12-25 18:14:14,550 - MedAI.WebSocket - INFO - WebSocket disconnected: ea1167ae-561a-4b25-950f-9068f8023c61 (duration: 0:11:14.404163)
2025-12-25 18:14:35,634 - MedAI.PDFService - INFO - PDF generated: ./reports\medical_report_694d3896089e7c722276af93.pdf
2025-12-25 18:15:40,845 - MedAI.WebSocket - INFO - WebSocket connected: cc7bee41-2b48-4bfa-92be-c4135f0501ef
2025-12-25 18:15:40,847 - MedAI.WebSocket - INFO - WebSocket disconnected: cc7bee41-2b48-4bfa-92be-c4135f0501ef (duration: 0:00:00.001996)
2025-12-25 18:15:40,871 - MedAI.WebSocket - INFO - WebSocket connected: cc7bee41-2b48-4bfa-92be-c4135f0501ef
2025-12-25 18:17:29,264 - MedAI.Transcription - INFO - Transcription completed: 541 characters
2025-12-25 18:17:53,019 - MedAI.AIService - WARNING - Gemini model gemini-1.5-flash failed: 404 models/gemini-1.5-flash is not found for API version v1beta, or is not supported for generateContent. Call ListModels to see the list of available models and their supported methods.. Trying next available model...
2025-12-25 18:17:54,255 - MedAI.AIService - WARNING - Gemini model gemini-1.5-pro failed: 404 models/gemini-1.5-pro is not found for API version v1beta, or is not supported for generateContent. Call ListModels to see the list of available models and their supported methods.. Trying next available model...
2025-12-25 18:17:55,155 - MedAI.AIService - WARNING - Gemini model gemini-pro failed: 404 models/gemini-pro is not found for API version v1beta, or is not supported for generateContent. Call ListModels to see the list of available models and their supported methods.. Trying next available model...
2025-12-25 18:17:55,155 - MedAI.AIService - ERROR - All Gemini models (['gemini-1.5-flash', 'gemini-1.5-pro', 'gemini-pro']) failed.
2025-12-25 18:17:55,156 - MedAI.AIService - ERROR - AI summarization error: 404 models/gemini-pro is not found for API version v1beta, or is not supported for generateContent. Call ListModels to see the list of available models and their supported methods.
2025-12-25 18:17:55,167 - MedAI.PDFService - INFO - PDF generated: ./reports\medical_report_694d3983089e7c722276af94.pdf
2025-12-25 18:18:04,246 - MedAI.WebSocket - INFO - WebSocket disconnected: cc7bee41-2b48-4bfa-92be-c4135f0501ef (duration: 0:02:23.374418)
2025-12-25 18:18:37,407 - MedAI.PDFService - INFO - PDF generated: ./reports\medical_report_694d3983089e7c722276af94.pdf
2025-12-25 18:35:02,030 - MedAI.WebSocket - INFO - WebSocket connected: 5b4851f5-c4c9-4305-873c-d026cda3ecd3
2025-12-25 18:35:02,033 - MedAI.WebSocket - INFO - WebSocket disconnected: 5b4851f5-c4c9-4305-873c-d026cda3ecd3 (duration: 0:00:00.001992)
2025-12-25 18:35:02,049 - MedAI.WebSocket - INFO - WebSocket connected: 5b4851f5-c4c9-4305-873c-d026cda3ecd3
2025-12-25 18:35:05,248 - MedAI.WebSocket - INFO - WebSocket disconnected: 5b4851f5-c4c9-4305-873c-d026cda3ecd3 (duration: 0:00:03.198992)
2025-12-25 18:35:19,381 - MedAI.WebSocket - INFO - WebSocket connected: d3513be1-290d-47d7-a0dc-30ebc0953b7e
2025-12-25 18:35:19,381 - MedAI.WebSocket - INFO - WebSocket disconnected: d3513be1-290d-47d7-a0dc-30ebc0953b7e (duration: 0:00:00)
2025-12-25 18:35:19,395 - MedAI.WebSocket - INFO - WebSocket connected: d3513be1-290d-47d7-a0dc-30ebc0953b7e
2025-12-25 18:35:21,606 - MedAI.WebSocket - INFO - WebSocket disconnected: d3513be1-290d-47d7-a0dc-30ebc0953b7e (duration: 0:00:02.211222)
2025-12-25 18:36:29,658 - MedAI.AIService - WARNING - Gemini model gemini-1.5-flash failed: 404 models/gemini-1.5-flash is not found for API version v1beta, or is not supported for generateContent. Call ListModels to see the list of available models and their supported methods.. Trying next available model...
2025-12-25 18:36:30,648 - MedAI.AIService - WARNING - Gemini model gemini-1.5-pro failed: 404 models/gemini-1.5-pro is not found for API version v1beta, or is not supported for generateContent. Call ListModels to see the list of available models and their supported methods.. Trying next available model...
2025-12-25 18:36:31,991 - MedAI.AIService - WARNING - Gemini model gemini-pro-vision failed: 404 models/gemini-pro-vision is not found for API version v1beta, or is not supported for generateContent. Call ListModels to see the list of available models and their supported methods.. Trying next available model...
2025-12-25 18:36:31,992 - MedAI.AIService - ERROR - All Gemini models (['gemini-1.5-flash', 'gemini-1.5-pro', 'gemini-pro-vision']) failed.
2025-12-25 18:36:31,992 - MedAI.ImageAnalysis - ERROR - Image analysis error: 404 models/gemini-pro-vision is not found for API version v1beta, or is not supported for generateContent. Call ListModels to see the list of available models and their supported methods.
2025-12-25 18:42:08,747 - MedAI - INFO - Shutting down MedAI...
2025-12-25 18:42:08,750 - MedAI.Database - INFO - MongoDB connection closed
2025-12-25 18:42:08,757 - MedAI - INFO - Shutdown complete
2025-12-25 18:42:17,828 - MedAI - INFO - Starting MedAI Medical System...
2025-12-25 18:42:17,829 - MedAI.Database - INFO - Connecting to MongoDB (attempt 1/5)...
2025-12-25 18:42:17,856 - MedAI.Database - INFO - MongoDB connected successfully
2025-12-25 18:42:17,863 - MedAI.Database - INFO - Database indexes created
2025-12-25 18:42:20,532 - MedAI.Transcription - INFO - Loading Whisper model (base)...
2025-12-25 18:42:21,571 - MedAI.Transcription - INFO - Whisper model loaded successfully
2025-12-25 18:42:21,572 - MedAI - INFO - MedAI startup complete
2025-12-25 18:46:31,194 - MedAI - INFO - Shutting down MedAI...
2025-12-25 18:46:31,201 - MedAI.Database - INFO - MongoDB connection closed
2025-12-25 18:46:31,207 - MedAI - INFO - Shutdown complete
2025-12-25 18:47:32,946 - MedAI - INFO - Starting MedAI Medical System...
2025-12-25 18:47:32,946 - MedAI.Database - INFO - Connecting to MongoDB (attempt 1/5)...
2025-12-25 18:47:32,960 - MedAI.Database - INFO - MongoDB connected successfully
2025-12-25 18:47:32,967 - MedAI.Database - INFO - Database indexes created
2025-12-25 18:47:35,536 - MedAI.Transcription - INFO - Loading Whisper model (base)...
2025-12-25 18:47:36,563 - MedAI.Transcription - INFO - Whisper model loaded successfully
2025-12-25 18:47:36,564 - MedAI - INFO - MedAI startup complete
2025-12-25 18:49:40,298 - MedAI.AIService - WARNING - Gemini model gemini-1.5-flash failed: 404 models/gemini-1.5-flash is not found for API version v1beta, or is not supported for generateContent. Call ListModels to see the list of available models and their supported methods.. Trying next available model...
2025-12-25 18:49:42,365 - MedAI.AIService - WARNING - Gemini model gemini-1.5-pro failed: 404 models/gemini-1.5-pro is not found for API version v1beta, or is not supported for generateContent. Call ListModels to see the list of available models and their supported methods.. Trying next available model...
2025-12-25 18:49:44,439 - MedAI.AIService - WARNING - Gemini model gemini-pro-vision failed: 404 models/gemini-pro-vision is not found for API version v1beta, or is not supported for generateContent. Call ListModels to see the list of available models and their supported methods.. Trying next available model...
2025-12-25 18:49:44,439 - MedAI.AIService - ERROR - All Gemini models (['gemini-1.5-flash', 'gemini-1.5-pro', 'gemini-pro-vision']) failed.
2025-12-25 18:49:44,442 - MedAI.ImageAnalysis - ERROR - Image analysis error: 404 models/gemini-pro-vision is not found for API version v1beta, or is not supported for generateContent. Call ListModels to see the list of available models and their supported methods.
2025-12-25 19:00:47,750 - MedAI.AIService - WARNING - Gemini model gemini-1.5-flash failed: 404 models/gemini-1.5-flash is not found for API version v1beta, or is not supported for generateContent. Call ListModels to see the list of available models and their supported methods.. Trying next available model...
2025-12-25 19:00:48,094 - MedAI.AIService - WARNING - Gemini model gemini-1.5-pro failed: 404 models/gemini-1.5-pro is not found for API version v1beta, or is not supported for generateContent. Call ListModels to see the list of available models and their supported methods.. Trying next available model...
2025-12-25 19:00:48,598 - MedAI.AIService - WARNING - Gemini model gemini-pro-vision failed: 404 models/gemini-pro-vision is not found for API version v1beta, or is not supported for generateContent. Call ListModels to see the list of available models and their supported methods.. Trying next available model...
2025-12-25 19:00:48,599 - MedAI.AIService - ERROR - All Gemini models (['gemini-1.5-flash', 'gemini-1.5-pro', 'gemini-pro-vision']) failed.
2025-12-25 19:00:48,600 - MedAI.ImageAnalysis - ERROR - Image analysis error: 404 models/gemini-pro-vision is not found for API version v1beta, or is not supported for generateContent. Call ListModels to see the list of available models and their supported methods.
2025-12-25 19:02:09,011 - MedAI - INFO - Shutting down MedAI...
2025-12-25 19:02:09,012 - MedAI.Database - INFO - MongoDB connection closed
2025-12-25 19:02:09,015 - MedAI - INFO - Shutdown complete
2025-12-25 19:02:14,876 - MedAI - INFO - Starting MedAI Medical System...
2025-12-25 19:02:14,876 - MedAI.Database - INFO - Connecting to MongoDB (attempt 1/5)...
2025-12-25 19:02:14,898 - MedAI.Database - INFO - MongoDB connected successfully
2025-12-25 19:02:14,906 - MedAI.Database - INFO - Database indexes created
2025-12-25 19:02:17,803 - MedAI.Transcription - INFO - Loading Whisper model (base)...
2025-12-25 19:02:18,878 - MedAI.Transcription - INFO - Whisper model loaded successfully
2025-12-25 19:02:18,879 - MedAI - INFO - MedAI startup complete
2025-12-25 19:02:59,139 - MedAI - INFO - Shutting down MedAI...
2025-12-25 19:02:59,140 - MedAI.Database - INFO - MongoDB connection closed
2025-12-25 19:02:59,142 - MedAI - INFO - Shutdown complete
2025-12-25 19:03:03,480 - MedAI - INFO - Starting MedAI Medical System...
2025-12-25 19:03:03,481 - MedAI.Database - INFO - Connecting to MongoDB (attempt 1/5)...
2025-12-25 19:03:03,516 - MedAI.Database - INFO - MongoDB connected successfully
2025-12-25 19:03:03,525 - MedAI.Database - INFO - Database indexes created
2025-12-25 19:03:06,212 - MedAI.Transcription - INFO - Loading Whisper model (base)...
2025-12-25 19:03:07,622 - MedAI.Transcription - INFO - Whisper model loaded successfully
2025-12-25 19:03:07,624 - MedAI - INFO - MedAI startup complete
2025-12-25 19:03:18,759 - MedAI - INFO - Shutting down MedAI...
2025-12-25 19:03:18,762 - MedAI.Database - INFO - MongoDB connection closed
2025-12-25 19:03:18,764 - MedAI - INFO - Shutdown complete
2025-12-25 19:03:22,792 - MedAI - INFO - Starting MedAI Medical System...
2025-12-25 19:03:22,795 - MedAI.Database - INFO - Connecting to MongoDB (attempt 1/5)...
2025-12-25 19:03:22,810 - MedAI.Database - INFO - MongoDB connected successfully
2025-12-25 19:03:22,817 - MedAI.Database - INFO - Database indexes created
2025-12-25 19:03:25,645 - MedAI.Transcription - INFO - Loading Whisper model (base)...
2025-12-25 19:03:26,828 - MedAI.Transcription - INFO - Whisper model loaded successfully
2025-12-25 19:03:26,829 - MedAI - INFO - MedAI startup complete
2025-12-25 19:03:53,751 - MedAI - INFO - Shutting down MedAI...
2025-12-25 19:03:53,758 - MedAI.Database - INFO - MongoDB connection closed
2025-12-25 19:03:53,758 - MedAI - INFO - Shutdown complete
2025-12-25 19:03:57,575 - MedAI - INFO - Starting MedAI Medical System...
2025-12-25 19:03:57,575 - MedAI.Database - INFO - Connecting to MongoDB (attempt 1/5)...
2025-12-25 19:03:57,622 - MedAI.Database - INFO - MongoDB connected successfully
2025-12-25 19:03:57,649 - MedAI.Database - INFO - Database indexes created
2025-12-25 19:04:00,459 - MedAI.Transcription - INFO - Loading Whisper model (base)...
2025-12-25 19:04:01,516 - MedAI.Transcription - INFO - Whisper model loaded successfully
2025-12-25 19:04:01,518 - MedAI - INFO - MedAI startup complete
2025-12-25 19:05:52,532 - MedAI - INFO - Shutting down MedAI...
2025-12-25 19:05:52,536 - MedAI.Database - INFO - MongoDB connection closed
2025-12-25 19:05:52,538 - MedAI - INFO - Shutdown complete
2025-12-25 19:06:40,734 - MedAI - INFO - Starting MedAI Medical System...
2025-12-25 19:06:40,734 - MedAI.Database - INFO - Connecting to MongoDB (attempt 1/5)...
2025-12-25 19:06:40,784 - MedAI.Database - INFO - MongoDB connected successfully
2025-12-25 19:06:40,799 - MedAI.Database - INFO - Database indexes created
2025-12-25 19:06:43,595 - MedAI.Transcription - INFO - Loading Whisper model (base)...
2025-12-25 19:06:44,621 - MedAI.Transcription - INFO - Whisper model loaded successfully
2025-12-25 19:06:44,622 - MedAI - INFO - MedAI startup complete
2025-12-25 19:08:09,882 - MedAI.AIService - WARNING - Gemini model gemini-2.0-flash failed: 429 You exceeded your current quota, please check your plan and billing details. For more information on this error, head to: https://ai.google.dev/gemini-api/docs/rate-limits. To monitor your current usage, head to: https://ai.dev/usage?tab=rate-limit. 
* Quota exceeded for metric: generativelanguage.googleapis.com/generate_content_free_tier_requests, limit: 0, model: gemini-2.0-flash
* Quota exceeded for metric: generativelanguage.googleapis.com/generate_content_free_tier_requests, limit: 0, model: gemini-2.0-flash
* Quota exceeded for metric: generativelanguage.googleapis.com/generate_content_free_tier_input_token_count, limit: 0, model: gemini-2.0-flash
Please retry in 50.664104771s. [links {
  description: "Learn more about Gemini API quotas"
  url: "https://ai.google.dev/gemini-api/docs/rate-limits"
}
, violations {
  quota_metric: "generativelanguage.googleapis.com/generate_content_free_tier_requests"
  quota_id: "GenerateRequestsPerDayPerProjectPerModel-FreeTier"
  quota_dimensions {
    key: "model"
    value: "gemini-2.0-flash"
  }
  quota_dimensions {
    key: "location"
    value: "global"
  }
}
violations {
  quota_metric: "generativelanguage.googleapis.com/generate_content_free_tier_requests"
  quota_id: "GenerateRequestsPerMinutePerProjectPerModel-FreeTier"
  quota_dimensions {
    key: "model"
    value: "gemini-2.0-flash"
  }
  quota_dimensions {
    key: "location"
    value: "global"
  }
}
violations {
  quota_metric: "generativelanguage.googleapis.com/generate_content_free_tier_input_token_count"
  quota_id: "GenerateContentInputTokensPerModelPerMinute-FreeTier"
  quota_dimensions {
    key: "model"
    value: "gemini-2.0-flash"
  }
  quota_dimensions {
    key: "location"
    value: "global"
  }
}
, retry_delay {
  seconds: 50
}
]. Trying next available model...
2025-12-25 19:10:03,226 - MedAI.WebSocket - INFO - WebSocket connected: 88bbecc8-3a4b-458d-aeec-b224fd7e1b4f
2025-12-25 19:10:03,231 - MedAI.WebSocket - INFO - WebSocket disconnected: 88bbecc8-3a4b-458d-aeec-b224fd7e1b4f (duration: 0:00:00.004809)
2025-12-25 19:10:03,253 - MedAI.WebSocket - INFO - WebSocket connected: 88bbecc8-3a4b-458d-aeec-b224fd7e1b4f
2025-12-25 19:10:05,195 - MedAI.WebSocket - INFO - WebSocket disconnected: 88bbecc8-3a4b-458d-aeec-b224fd7e1b4f (duration: 0:00:01.942301)
2025-12-25 19:10:33,879 - MedAI.WebSocket - INFO - WebSocket connected: 657cb1e5-8740-43b8-be94-f73d91c81b4f
2025-12-25 19:10:33,884 - MedAI.WebSocket - INFO - WebSocket disconnected: 657cb1e5-8740-43b8-be94-f73d91c81b4f (duration: 0:00:00.004987)
2025-12-25 19:10:33,906 - MedAI.WebSocket - INFO - WebSocket connected: 657cb1e5-8740-43b8-be94-f73d91c81b4f
2025-12-25 19:10:35,868 - MedAI.WebSocket - INFO - WebSocket disconnected: 657cb1e5-8740-43b8-be94-f73d91c81b4f (duration: 0:00:01.961358)
2025-12-25 19:20:18,577 - MedAI.WebSocket - INFO - WebSocket connected: 05c646b2-144e-4eae-9156-afd2c3ba3ce9
2025-12-25 19:20:18,581 - MedAI.WebSocket - INFO - WebSocket disconnected: 05c646b2-144e-4eae-9156-afd2c3ba3ce9 (duration: 0:00:00.004155)
2025-12-25 19:20:18,599 - MedAI.WebSocket - INFO - WebSocket connected: 05c646b2-144e-4eae-9156-afd2c3ba3ce9
2025-12-25 19:21:17,588 - MedAI.Transcription - INFO - Transcription completed: 220 characters
2025-12-25 19:21:45,902 - MedAI.AIService - WARNING - Gemini model gemini-2.0-flash failed: 403 Your API key was reported as leaked. Please use another API key.. Trying next available model...
2025-12-25 19:21:46,087 - MedAI.AIService - WARNING - Gemini model gemini-flash-latest failed: 403 Your API key was reported as leaked. Please use another API key.. Trying next available model...
2025-12-25 19:21:46,646 - MedAI.AIService - WARNING - Gemini model gemini-1.5-flash failed: 404 models/gemini-1.5-flash is not found for API version v1beta, or is not supported for generateContent. Call ListModels to see the list of available models and their supported methods.. Trying next available model...
2025-12-25 19:21:46,854 - MedAI.AIService - WARNING - Gemini model gemini-pro-latest failed: 403 Your API key was reported as leaked. Please use another API key.. Trying next available model...
2025-12-25 19:21:47,363 - MedAI.AIService - WARNING - Gemini model gemini-pro failed: 404 models/gemini-pro is not found for API version v1beta, or is not supported for generateContent. Call ListModels to see the list of available models and their supported methods.. Trying next available model...
2025-12-25 19:21:47,365 - MedAI.AIService - ERROR - All Gemini models (['gemini-2.0-flash', 'gemini-flash-latest', 'gemini-1.5-flash', 'gemini-pro-latest', 'gemini-pro']) failed.
2025-12-25 19:21:47,370 - MedAI.AIService - ERROR - AI summarization error: 404 models/gemini-pro is not found for API version v1beta, or is not supported for generateContent. Call ListModels to see the list of available models and their supported methods.
2025-12-25 19:21:47,463 - MedAI.PDFService - INFO - PDF generated: ./reports\medical_report_694d487b8fbcba3ae87bea34.pdf
2025-12-25 19:21:53,624 - MedAI.WebSocket - INFO - WebSocket disconnected: 05c646b2-144e-4eae-9156-afd2c3ba3ce9 (duration: 0:01:35.025198)
2025-12-25 19:22:08,054 - MedAI.WebSocket - INFO - WebSocket connected: e0f005d6-763c-4ace-b124-5f0caf7cf3a4
2025-12-25 19:22:08,063 - MedAI.WebSocket - INFO - WebSocket disconnected: e0f005d6-763c-4ace-b124-5f0caf7cf3a4 (duration: 0:00:00.009255)
2025-12-25 19:22:08,075 - MedAI.WebSocket - INFO - WebSocket connected: e0f005d6-763c-4ace-b124-5f0caf7cf3a4
2025-12-25 19:22:24,123 - MedAI.WebSocket - INFO - WebSocket disconnected: e0f005d6-763c-4ace-b124-5f0caf7cf3a4 (duration: 0:00:16.048661)
2025-12-25 19:22:42,730 - MedAI.WebSocket - INFO - WebSocket connected: 1665c974-f7d1-451e-86f7-b4c2bac954af
2025-12-25 19:22:42,736 - MedAI.WebSocket - INFO - WebSocket disconnected: 1665c974-f7d1-451e-86f7-b4c2bac954af (duration: 0:00:00.006515)
2025-12-25 19:22:42,757 - MedAI.WebSocket - INFO - WebSocket connected: 1665c974-f7d1-451e-86f7-b4c2bac954af
2025-12-25 19:22:45,048 - MedAI.WebSocket - INFO - WebSocket disconnected: 1665c974-f7d1-451e-86f7-b4c2bac954af (duration: 0:00:02.290758)
2025-12-25 19:24:36,309 - MedAI.PDFService - INFO - PDF generated: ./reports\medical_report_694d487b8fbcba3ae87bea34.pdf
2025-12-26 13:19:02,342 - MedAI - INFO - Shutting down MedAI...
2025-12-26 13:19:02,351 - MedAI.Database - INFO - MongoDB connection closed
2025-12-26 13:19:02,352 - MedAI - INFO - Shutdown complete
